# JRE version: OpenJDK Runtime Environment (8.0) (build 1.8.0-25-microsoft-b00)
# Java VM: OpenJDK 64-Bit Server VM (25.71-b00 mixed mode windows-amd64 compressed oops)
Heap:
 PSYoungGen      total 249344K, used 136949K [0x00000000eab00000, 0x00000000fb700000, 0x0000000100000000)
  eden space 225280K, 51% used [0x00000000eab00000,0x00000000f1b513f8,0x00000000f8700000)
  from space 24064K, 91% used [0x00000000f9f80000,0x00000000fb4ec020,0x00000000fb700000)
  to   space 24576K, 0% used [0x00000000f8700000,0x00000000f8700000,0x00000000f9f00000)
 ParOldGen       total 116736K, used 53147K [0x00000000c0000000, 0x00000000c7200000, 0x00000000eab00000)
  object space 116736K, 45% used [0x00000000c0000000,0x00000000c33e6f60,0x00000000c7200000)
 Metaspace       used 16870K, capacity 17818K, committed 18560K, reserved 1064960K
  class space    used 2010K, capacity 2223K, committed 2432K, reserved 1048576K
GC Heap History (10 events):
Event: 9.918 GC heap before
{Heap before GC invocations=19 (full 1):
 PSYoungGen      total 225280K, used 207120K [0x00000000eab00000, 0x00000000fb800000, 0x0000000100000000)
  eden space 195584K, 100% used [0x00000000eab00000,0x00000000f6a00000,0x00000000f6a00000)
  from space 29696K, 38% used [0x00000000f6a00000,0x00000000f7544010,0x00000000f8700000)
  to   space 25088K, 0% used [0x00000000f9f80000,0x00000000f9f80000,0x00000000fb800000)
 ParOldGen       total 116736K, used 53147K [0x00000000c0000000, 0x00000000c7200000, 0x00000000eab00000)
  object space 116736K, 45% used [0x00000000c0000000,0x00000000c33e6f60,0x00000000c7200000)
 Metaspace       used 16833K, capacity 17754K, committed 18560K, reserved 1064960K
  class space    used 2010K, capacity 2223K, committed 2432K, reserved 1048576K
Event: 9.933 GC heap after
Heap after GC invocations=19 (full 1):
 PSYoungGen      total 249344K, used 13552K [0x00000000eab00000, 0x00000000fb700000, 0x0000000100000000)
  eden space 225280K, 0% used [0x00000000eab00000,0x00000000eab00000,0x00000000f8700000)
  from space 24064K, 56% used [0x00000000f9f80000,0x00000000facbc010,0x00000000fb700000)
  to   space 24576K, 0% used [0x00000000f8700000,0x00000000f8700000,0x00000000f9f00000)
 ParOldGen       total 116736K, used 53147K [0x00000000c0000000, 0x00000000c7200000, 0x00000000eab00000)
  object space 116736K, 45% used [0x00000000c0000000,0x00000000c33e6f60,0x00000000c7200000)
 Metaspace       used 16833K, capacity 17754K, committed 18560K, reserved 1064960K
  class space    used 2010K, capacity 2223K, committed 2432K, reserved 1048576K
}
Event: 10.437 GC heap before
{Heap before GC invocations=20 (full 1):
 PSYoungGen      total 249344K, used 238832K [0x00000000eab00000, 0x00000000fb700000, 0x0000000100000000)
  eden space 225280K, 100% used [0x00000000eab00000,0x00000000f8700000,0x00000000f8700000)
  from space 24064K, 56% used [0x00000000f9f80000,0x00000000facbc010,0x00000000fb700000)
  to   space 24576K, 0% used [0x00000000f8700000,0x00000000f8700000,0x00000000f9f00000)
 ParOldGen       total 116736K, used 53147K [0x00000000c0000000, 0x00000000c7200000, 0x00000000eab00000)
  object space 116736K, 45% used [0x00000000c0000000,0x00000000c33e6f60,0x00000000c7200000)
 Metaspace       used 16844K, capacity 17818K, committed 18560K, reserved 1064960K
  class space    used 2010K, capacity 2223K, committed 2432K, reserved 1048576K
Event: 10.464 GC heap after
Heap after GC invocations=20 (full 1):
 PSYoungGen      total 249856K, used 15552K [0x00000000eab00000, 0x00000000fb700000, 0x0000000100000000)
  eden space 225280K, 0% used [0x00000000eab00000,0x00000000eab00000,0x00000000f8700000)
  from space 24576K, 63% used [0x00000000f8700000,0x00000000f9630000,0x00000000f9f00000)
  to   space 24064K, 0% used [0x00000000f9f80000,0x00000000f9f80000,0x00000000fb700000)
 ParOldGen       total 116736K, used 53147K [0x00000000c0000000, 0x00000000c7200000, 0x00000000eab00000)
  object space 116736K, 45% used [0x00000000c0000000,0x00000000c33e6f60,0x00000000c7200000)
 Metaspace       used 16844K, capacity 17818K, committed 18560K, reserved 1064960K
  class space    used 2010K, capacity 2223K, committed 2432K, reserved 1048576K
}
Event: 11.107 GC heap before
{Heap before GC invocations=21 (full 1):
 PSYoungGen      total 249856K, used 240832K [0x00000000eab00000, 0x00000000fb700000, 0x0000000100000000)
  eden space 225280K, 100% used [0x00000000eab00000,0x00000000f8700000,0x00000000f8700000)
  from space 24576K, 63% used [0x00000000f8700000,0x00000000f9630000,0x00000000f9f00000)
  to   space 24064K, 0% used [0x00000000f9f80000,0x00000000f9f80000,0x00000000fb700000)
 ParOldGen       total 116736K, used 53147K [0x00000000c0000000, 0x00000000c7200000, 0x00000000eab00000)
  object space 116736K, 45% used [0x00000000c0000000,0x00000000c33e6f60,0x00000000c7200000)
 Metaspace       used 16846K, capacity 17818K, committed 18560K, reserved 1064960K
  class space    used 2010K, capacity 2223K, committed 2432K, reserved 1048576K
Event: 11.128 GC heap after
Heap after GC invocations=21 (full 1):
 PSYoungGen      total 249344K, used 17926K [0x00000000eab00000, 0x00000000fb700000, 0x0000000100000000)
  eden space 225280K, 0% used [0x00000000eab00000,0x00000000eab00000,0x00000000f8700000)
  from space 24064K, 74% used [0x00000000f9f80000,0x00000000fb101ae8,0x00000000fb700000)
  to   space 24576K, 0% used [0x00000000f8700000,0x00000000f8700000,0x00000000f9f00000)
 ParOldGen       total 116736K, used 53147K [0x00000000c0000000, 0x00000000c7200000, 0x00000000eab00000)
  object space 116736K, 45% used [0x00000000c0000000,0x00000000c33e6f60,0x00000000c7200000)
 Metaspace       used 16846K, capacity 17818K, committed 18560K, reserved 1064960K
  class space    used 2010K, capacity 2223K, committed 2432K, reserved 1048576K
}
Event: 11.867 GC heap before
{Heap before GC invocations=22 (full 1):
 PSYoungGen      total 249344K, used 243206K [0x00000000eab00000, 0x00000000fb700000, 0x0000000100000000)
  eden space 225280K, 100% used [0x00000000eab00000,0x00000000f8700000,0x00000000f8700000)
  from space 24064K, 74% used [0x00000000f9f80000,0x00000000fb101ae8,0x00000000fb700000)
  to   space 24576K, 0% used [0x00000000f8700000,0x00000000f8700000,0x00000000f9f00000)
 ParOldGen       total 116736K, used 53147K [0x00000000c0000000, 0x00000000c7200000, 0x00000000eab00000)
  object space 116736K, 45% used [0x00000000c0000000,0x00000000c33e6f60,0x00000000c7200000)
 Metaspace       used 16848K, capacity 17818K, committed 18560K, reserved 1064960K
  class space    used 2010K, capacity 2223K, committed 2432K, reserved 1048576K
Event: 11.897 GC heap after
Heap after GC invocations=22 (full 1):
 PSYoungGen      total 249856K, used 20720K [0x00000000eab00000, 0x00000000fb700000, 0x0000000100000000)
  eden space 225280K, 0% used [0x00000000eab00000,0x00000000eab00000,0x00000000f8700000)
  from space 24576K, 84% used [0x00000000f8700000,0x00000000f9b3c020,0x00000000f9f00000)
  to   space 24064K, 0% used [0x00000000f9f80000,0x00000000f9f80000,0x00000000fb700000)
 ParOldGen       total 116736K, used 53147K [0x00000000c0000000, 0x00000000c7200000, 0x00000000eab00000)
  object space 116736K, 45% used [0x00000000c0000000,0x00000000c33e6f60,0x00000000c7200000)
 Metaspace       used 16848K, capacity 17818K, committed 18560K, reserved 1064960K
  class space    used 2010K, capacity 2223K, committed 2432K, reserved 1048576K
}
Event: 12.686 GC heap before
{Heap before GC invocations=23 (full 1):
 PSYoungGen      total 249856K, used 246000K [0x00000000eab00000, 0x00000000fb700000, 0x0000000100000000)
  eden space 225280K, 100% used [0x00000000eab00000,0x00000000f8700000,0x00000000f8700000)
  from space 24576K, 84% used [0x00000000f8700000,0x00000000f9b3c020,0x00000000f9f00000)
  to   space 24064K, 0% used [0x00000000f9f80000,0x00000000f9f80000,0x00000000fb700000)
 ParOldGen       total 116736K, used 53147K [0x00000000c0000000, 0x00000000c7200000, 0x00000000eab00000)
  object space 116736K, 45% used [0x00000000c0000000,0x00000000c33e6f60,0x00000000c7200000)
 Metaspace       used 16866K, capacity 17818K, committed 18560K, reserved 1064960K
  class space    used 2010K, capacity 2223K, committed 2432K, reserved 1048576K
Event: 12.718 GC heap after
Heap after GC invocations=23 (full 1):
 PSYoungGen      total 249344K, used 21936K [0x00000000eab00000, 0x00000000fb700000, 0x0000000100000000)
  eden space 225280K, 0% used [0x00000000eab00000,0x00000000eab00000,0x00000000f8700000)
  from space 24064K, 91% used [0x00000000f9f80000,0x00000000fb4ec020,0x00000000fb700000)
  to   space 24576K, 0% used [0x00000000f8700000,0x00000000f8700000,0x00000000f9f00000)
 ParOldGen       total 116736K, used 53147K [0x00000000c0000000, 0x00000000c7200000, 0x00000000eab00000)
  object space 116736K, 45% used [0x00000000c0000000,0x00000000c33e6f60,0x00000000c7200000)
 Metaspace       used 16866K, capacity 17818K, committed 18560K, reserved 1064960K
  class space    used 2010K, capacity 2223K, committed 2432K, reserved 1048576K
}

