# JRE version: OpenJDK Runtime Environment (8.0) (build 1.8.0-25-microsoft-b00)
# Java VM: OpenJDK 64-Bit Server VM (25.71-b00 mixed mode windows-amd64 compressed oops)
Heap:
 PSYoungGen      total 149504K, used 123005K [0x00000000eab00000, 0x00000000f5300000, 0x0000000100000000)
  eden space 126976K, 89% used [0x00000000eab00000,0x00000000f1a3b480,0x00000000f2700000)
  from space 22528K, 40% used [0x00000000f2700000,0x00000000f2fe4010,0x00000000f3d00000)
  to   space 20992K, 0% used [0x00000000f3e80000,0x00000000f3e80000,0x00000000f5300000)
 ParOldGen       total 120832K, used 57619K [0x00000000c0000000, 0x00000000c7600000, 0x00000000eab00000)
  object space 120832K, 47% used [0x00000000c0000000,0x00000000c3844d28,0x00000000c7600000)
 Metaspace       used 16789K, capacity 17686K, committed 18304K, reserved 1064960K
  class space    used 2013K, capacity 2223K, committed 2432K, reserved 1048576K
GC Heap History (10 events):
Event: 5.168 GC heap before
{Heap before GC invocations=14 (full 1):
 PSYoungGen      total 147968K, used 129408K [0x00000000eab00000, 0x00000000f5300000, 0x0000000100000000)
  eden space 126976K, 100% used [0x00000000eab00000,0x00000000f2700000,0x00000000f2700000)
  from space 20992K, 11% used [0x00000000f3e80000,0x00000000f40e0000,0x00000000f5300000)
  to   space 22528K, 0% used [0x00000000f2700000,0x00000000f2700000,0x00000000f3d00000)
 ParOldGen       total 120832K, used 57603K [0x00000000c0000000, 0x00000000c7600000, 0x00000000eab00000)
  object space 120832K, 47% used [0x00000000c0000000,0x00000000c3840d28,0x00000000c7600000)
 Metaspace       used 16708K, capacity 17600K, committed 18304K, reserved 1064960K
  class space    used 2008K, capacity 2220K, committed 2432K, reserved 1048576K
Event: 5.174 GC heap after
Heap after GC invocations=14 (full 1):
 PSYoungGen      total 149504K, used 4018K [0x00000000eab00000, 0x00000000f5300000, 0x0000000100000000)
  eden space 126976K, 0% used [0x00000000eab00000,0x00000000eab00000,0x00000000f2700000)
  from space 22528K, 17% used [0x00000000f2700000,0x00000000f2aeca68,0x00000000f3d00000)
  to   space 20992K, 0% used [0x00000000f3e80000,0x00000000f3e80000,0x00000000f5300000)
 ParOldGen       total 120832K, used 57611K [0x00000000c0000000, 0x00000000c7600000, 0x00000000eab00000)
  object space 120832K, 47% used [0x00000000c0000000,0x00000000c3842d28,0x00000000c7600000)
 Metaspace       used 16708K, capacity 17600K, committed 18304K, reserved 1064960K
  class space    used 2008K, capacity 2220K, committed 2432K, reserved 1048576K
}
Event: 5.510 GC heap before
{Heap before GC invocations=15 (full 1):
 PSYoungGen      total 149504K, used 130994K [0x00000000eab00000, 0x00000000f5300000, 0x0000000100000000)
  eden space 126976K, 100% used [0x00000000eab00000,0x00000000f2700000,0x00000000f2700000)
  from space 22528K, 17% used [0x00000000f2700000,0x00000000f2aeca68,0x00000000f3d00000)
  to   space 20992K, 0% used [0x00000000f3e80000,0x00000000f3e80000,0x00000000f5300000)
 ParOldGen       total 120832K, used 57611K [0x00000000c0000000, 0x00000000c7600000, 0x00000000eab00000)
  object space 120832K, 47% used [0x00000000c0000000,0x00000000c3842d28,0x00000000c7600000)
 Metaspace       used 16748K, capacity 17678K, committed 18304K, reserved 1064960K
  class space    used 2013K, capacity 2223K, committed 2432K, reserved 1048576K
Event: 5.519 GC heap after
Heap after GC invocations=15 (full 1):
 PSYoungGen      total 147968K, used 4800K [0x00000000eab00000, 0x00000000f5300000, 0x0000000100000000)
  eden space 126976K, 0% used [0x00000000eab00000,0x00000000eab00000,0x00000000f2700000)
  from space 20992K, 22% used [0x00000000f3e80000,0x00000000f4330000,0x00000000f5300000)
  to   space 22528K, 0% used [0x00000000f2700000,0x00000000f2700000,0x00000000f3d00000)
 ParOldGen       total 120832K, used 57611K [0x00000000c0000000, 0x00000000c7600000, 0x00000000eab00000)
  object space 120832K, 47% used [0x00000000c0000000,0x00000000c3842d28,0x00000000c7600000)
 Metaspace       used 16748K, capacity 17678K, committed 18304K, reserved 1064960K
  class space    used 2013K, capacity 2223K, committed 2432K, reserved 1048576K
}
Event: 5.865 GC heap before
{Heap before GC invocations=16 (full 1):
 PSYoungGen      total 147968K, used 131776K [0x00000000eab00000, 0x00000000f5300000, 0x0000000100000000)
  eden space 126976K, 100% used [0x00000000eab00000,0x00000000f2700000,0x00000000f2700000)
  from space 20992K, 22% used [0x00000000f3e80000,0x00000000f4330000,0x00000000f5300000)
  to   space 22528K, 0% used [0x00000000f2700000,0x00000000f2700000,0x00000000f3d00000)
 ParOldGen       total 120832K, used 57611K [0x00000000c0000000, 0x00000000c7600000, 0x00000000eab00000)
  object space 120832K, 47% used [0x00000000c0000000,0x00000000c3842d28,0x00000000c7600000)
 Metaspace       used 16751K, capacity 17678K, committed 18304K, reserved 1064960K
  class space    used 2013K, capacity 2223K, committed 2432K, reserved 1048576K
Event: 5.871 GC heap after
Heap after GC invocations=16 (full 1):
 PSYoungGen      total 149504K, used 6080K [0x00000000eab00000, 0x00000000f5300000, 0x0000000100000000)
  eden space 126976K, 0% used [0x00000000eab00000,0x00000000eab00000,0x00000000f2700000)
  from space 22528K, 26% used [0x00000000f2700000,0x00000000f2cf0000,0x00000000f3d00000)
  to   space 20992K, 0% used [0x00000000f3e80000,0x00000000f3e80000,0x00000000f5300000)
 ParOldGen       total 120832K, used 57619K [0x00000000c0000000, 0x00000000c7600000, 0x00000000eab00000)
  object space 120832K, 47% used [0x00000000c0000000,0x00000000c3844d28,0x00000000c7600000)
 Metaspace       used 16751K, capacity 17678K, committed 18304K, reserved 1064960K
  class space    used 2013K, capacity 2223K, committed 2432K, reserved 1048576K
}
Event: 6.318 GC heap before
{Heap before GC invocations=17 (full 1):
 PSYoungGen      total 149504K, used 133056K [0x00000000eab00000, 0x00000000f5300000, 0x0000000100000000)
  eden space 126976K, 100% used [0x00000000eab00000,0x00000000f2700000,0x00000000f2700000)
  from space 22528K, 26% used [0x00000000f2700000,0x00000000f2cf0000,0x00000000f3d00000)
  to   space 20992K, 0% used [0x00000000f3e80000,0x00000000f3e80000,0x00000000f5300000)
 ParOldGen       total 120832K, used 57619K [0x00000000c0000000, 0x00000000c7600000, 0x00000000eab00000)
  object space 120832K, 47% used [0x00000000c0000000,0x00000000c3844d28,0x00000000c7600000)
 Metaspace       used 16763K, capacity 17678K, committed 18304K, reserved 1064960K
  class space    used 2013K, capacity 2223K, committed 2432K, reserved 1048576K
Event: 6.332 GC heap after
Heap after GC invocations=17 (full 1):
 PSYoungGen      total 147968K, used 7488K [0x00000000eab00000, 0x00000000f5300000, 0x0000000100000000)
  eden space 126976K, 0% used [0x00000000eab00000,0x00000000eab00000,0x00000000f2700000)
  from space 20992K, 35% used [0x00000000f3e80000,0x00000000f45d0000,0x00000000f5300000)
  to   space 22528K, 0% used [0x00000000f2700000,0x00000000f2700000,0x00000000f3d00000)
 ParOldGen       total 120832K, used 57619K [0x00000000c0000000, 0x00000000c7600000, 0x00000000eab00000)
  object space 120832K, 47% used [0x00000000c0000000,0x00000000c3844d28,0x00000000c7600000)
 Metaspace       used 16763K, capacity 17678K, committed 18304K, reserved 1064960K
  class space    used 2013K, capacity 2223K, committed 2432K, reserved 1048576K
}
Event: 6.926 GC heap before
{Heap before GC invocations=18 (full 1):
 PSYoungGen      total 147968K, used 134464K [0x00000000eab00000, 0x00000000f5300000, 0x0000000100000000)
  eden space 126976K, 100% used [0x00000000eab00000,0x00000000f2700000,0x00000000f2700000)
  from space 20992K, 35% used [0x00000000f3e80000,0x00000000f45d0000,0x00000000f5300000)
  to   space 22528K, 0% used [0x00000000f2700000,0x00000000f2700000,0x00000000f3d00000)
 ParOldGen       total 120832K, used 57619K [0x00000000c0000000, 0x00000000c7600000, 0x00000000eab00000)
  object space 120832K, 47% used [0x00000000c0000000,0x00000000c3844d28,0x00000000c7600000)
 Metaspace       used 16777K, capacity 17686K, committed 18304K, reserved 1064960K
  class space    used 2013K, capacity 2223K, committed 2432K, reserved 1048576K
Event: 6.942 GC heap after
Heap after GC invocations=18 (full 1):
 PSYoungGen      total 149504K, used 9104K [0x00000000eab00000, 0x00000000f5300000, 0x0000000100000000)
  eden space 126976K, 0% used [0x00000000eab00000,0x00000000eab00000,0x00000000f2700000)
  from space 22528K, 40% used [0x00000000f2700000,0x00000000f2fe4010,0x00000000f3d00000)
  to   space 20992K, 0% used [0x00000000f3e80000,0x00000000f3e80000,0x00000000f5300000)
 ParOldGen       total 120832K, used 57619K [0x00000000c0000000, 0x00000000c7600000, 0x00000000eab00000)
  object space 120832K, 47% used [0x00000000c0000000,0x00000000c3844d28,0x00000000c7600000)
 Metaspace       used 16777K, capacity 17686K, committed 18304K, reserved 1064960K
  class space    used 2013K, capacity 2223K, committed 2432K, reserved 1048576K
}

