# JRE version: OpenJDK Runtime Environment (8.0) (build 1.8.0-25-microsoft-b00)
# Java VM: OpenJDK 64-Bit Server VM (25.71-b00 mixed mode windows-amd64 compressed oops)
Heap:
 PSYoungGen      total 98304K, used 52222K [0x00000000eab00000, 0x00000000f3680000, 0x0000000100000000)
  eden space 72192K, 50% used [0x00000000eab00000,0x00000000ecee51f8,0x00000000ef180000)
  from space 26112K, 59% used [0x00000000ef180000,0x00000000f009a8d0,0x00000000f0b00000)
  to   space 25088K, 0% used [0x00000000f1e00000,0x00000000f1e00000,0x00000000f3680000)
 ParOldGen       total 131072K, used 62867K [0x00000000c0000000, 0x00000000c8000000, 0x00000000eab00000)
  object space 131072K, 47% used [0x00000000c0000000,0x00000000c3d64ce8,0x00000000c8000000)
 Metaspace       used 12449K, capacity 13316K, committed 13440K, reserved 1060864K
  class space    used 1457K, capacity 1634K, committed 1664K, reserved 1048576K
GC Heap History (10 events):
Event: 9.196 GC heap before
{Heap before GC invocations=6 (full 0):
 PSYoungGen      total 71680K, used 71672K [0x00000000eab00000, 0x00000000ef600000, 0x0000000100000000)
  eden space 66560K, 100% used [0x00000000eab00000,0x00000000eec00000,0x00000000eec00000)
  from space 5120K, 99% used [0x00000000eec00000,0x00000000ef0fe030,0x00000000ef100000)
  to   space 5120K, 0% used [0x00000000ef100000,0x00000000ef100000,0x00000000ef600000)
 ParOldGen       total 87552K, used 49159K [0x00000000c0000000, 0x00000000c5580000, 0x00000000eab00000)
  object space 87552K, 56% used [0x00000000c0000000,0x00000000c3001cf8,0x00000000c5580000)
 Metaspace       used 10471K, capacity 10946K, committed 11136K, reserved 1058816K
  class space    used 1220K, capacity 1335K, committed 1408K, reserved 1048576K
Event: 9.288 GC heap after
Heap after GC invocations=6 (full 0):
 PSYoungGen      total 49664K, used 5112K [0x00000000eab00000, 0x00000000f6200000, 0x0000000100000000)
  eden space 44544K, 0% used [0x00000000eab00000,0x00000000eab00000,0x00000000ed680000)
  from space 5120K, 99% used [0x00000000ef100000,0x00000000ef5fe030,0x00000000ef600000)
  to   space 27136K, 0% used [0x00000000ed680000,0x00000000ed680000,0x00000000ef100000)
 ParOldGen       total 87552K, used 64895K [0x00000000c0000000, 0x00000000c5580000, 0x00000000eab00000)
  object space 87552K, 74% used [0x00000000c0000000,0x00000000c3f5fcc8,0x00000000c5580000)
 Metaspace       used 10471K, capacity 10946K, committed 11136K, reserved 1058816K
  class space    used 1220K, capacity 1335K, committed 1408K, reserved 1048576K
}
Event: 9.606 GC heap before
{Heap before GC invocations=7 (full 0):
 PSYoungGen      total 49664K, used 49656K [0x00000000eab00000, 0x00000000f6200000, 0x0000000100000000)
  eden space 44544K, 100% used [0x00000000eab00000,0x00000000ed680000,0x00000000ed680000)
  from space 5120K, 99% used [0x00000000ef100000,0x00000000ef5fe030,0x00000000ef600000)
  to   space 27136K, 0% used [0x00000000ed680000,0x00000000ed680000,0x00000000ef100000)
 ParOldGen       total 87552K, used 64895K [0x00000000c0000000, 0x00000000c5580000, 0x00000000eab00000)
  object space 87552K, 74% used [0x00000000c0000000,0x00000000c3f5fcc8,0x00000000c5580000)
 Metaspace       used 10471K, capacity 10946K, committed 11136K, reserved 1058816K
  class space    used 1220K, capacity 1335K, committed 1408K, reserved 1048576K
Event: 9.758 GC heap after
Heap after GC invocations=7 (full 0):
 PSYoungGen      total 71680K, used 13917K [0x00000000eab00000, 0x00000000f3500000, 0x0000000100000000)
  eden space 44544K, 0% used [0x00000000eab00000,0x00000000eab00000,0x00000000ed680000)
  from space 27136K, 51% used [0x00000000ed680000,0x00000000ee4175e0,0x00000000ef100000)
  to   space 26112K, 0% used [0x00000000f1b80000,0x00000000f1b80000,0x00000000f3500000)
 ParOldGen       total 87552K, used 67187K [0x00000000c0000000, 0x00000000c5580000, 0x00000000eab00000)
  object space 87552K, 76% used [0x00000000c0000000,0x00000000c419ccf8,0x00000000c5580000)
 Metaspace       used 10471K, capacity 10946K, committed 11136K, reserved 1058816K
  class space    used 1220K, capacity 1335K, committed 1408K, reserved 1048576K
}
Event: 9.758 GC heap before
{Heap before GC invocations=8 (full 1):
 PSYoungGen      total 71680K, used 13917K [0x00000000eab00000, 0x00000000f3500000, 0x0000000100000000)
  eden space 44544K, 0% used [0x00000000eab00000,0x00000000eab00000,0x00000000ed680000)
  from space 27136K, 51% used [0x00000000ed680000,0x00000000ee4175e0,0x00000000ef100000)
  to   space 26112K, 0% used [0x00000000f1b80000,0x00000000f1b80000,0x00000000f3500000)
 ParOldGen       total 87552K, used 67187K [0x00000000c0000000, 0x00000000c5580000, 0x00000000eab00000)
  object space 87552K, 76% used [0x00000000c0000000,0x00000000c419ccf8,0x00000000c5580000)
 Metaspace       used 10471K, capacity 10946K, committed 11136K, reserved 1058816K
  class space    used 1220K, capacity 1335K, committed 1408K, reserved 1048576K
Event: 10.673 GC heap after
Heap after GC invocations=8 (full 1):
 PSYoungGen      total 71680K, used 0K [0x00000000eab00000, 0x00000000f3500000, 0x0000000100000000)
  eden space 44544K, 0% used [0x00000000eab00000,0x00000000eab00000,0x00000000ed680000)
  from space 27136K, 0% used [0x00000000ed680000,0x00000000ed680000,0x00000000ef100000)
  to   space 26112K, 0% used [0x00000000f1b80000,0x00000000f1b80000,0x00000000f3500000)
 ParOldGen       total 131072K, used 62851K [0x00000000c0000000, 0x00000000c8000000, 0x00000000eab00000)
  object space 131072K, 47% used [0x00000000c0000000,0x00000000c3d60ce8,0x00000000c8000000)
 Metaspace       used 10465K, capacity 10934K, committed 11136K, reserved 1058816K
  class space    used 1217K, capacity 1331K, committed 1408K, reserved 1048576K
}
Event: 11.496 GC heap before
{Heap before GC invocations=9 (full 1):
 PSYoungGen      total 71680K, used 44544K [0x00000000eab00000, 0x00000000f3500000, 0x0000000100000000)
  eden space 44544K, 100% used [0x00000000eab00000,0x00000000ed680000,0x00000000ed680000)
  from space 27136K, 0% used [0x00000000ed680000,0x00000000ed680000,0x00000000ef100000)
  to   space 26112K, 0% used [0x00000000f1b80000,0x00000000f1b80000,0x00000000f3500000)
 ParOldGen       total 131072K, used 62851K [0x00000000c0000000, 0x00000000c8000000, 0x00000000eab00000)
  object space 131072K, 47% used [0x00000000c0000000,0x00000000c3d60ce8,0x00000000c8000000)
 Metaspace       used 10777K, capacity 11282K, committed 11392K, reserved 1058816K
  class space    used 1269K, capacity 1401K, committed 1408K, reserved 1048576K
Event: 11.542 GC heap after
Heap after GC invocations=9 (full 1):
 PSYoungGen      total 79360K, used 9185K [0x00000000eab00000, 0x00000000f2480000, 0x0000000100000000)
  eden space 70144K, 0% used [0x00000000eab00000,0x00000000eab00000,0x00000000eef80000)
  from space 9216K, 99% used [0x00000000f1b80000,0x00000000f24786d0,0x00000000f2480000)
  to   space 26112K, 0% used [0x00000000ef180000,0x00000000ef180000,0x00000000f0b00000)
 ParOldGen       total 131072K, used 62859K [0x00000000c0000000, 0x00000000c8000000, 0x00000000eab00000)
  object space 131072K, 47% used [0x00000000c0000000,0x00000000c3d62ce8,0x00000000c8000000)
 Metaspace       used 10777K, capacity 11282K, committed 11392K, reserved 1058816K
  class space    used 1269K, capacity 1401K, committed 1408K, reserved 1048576K
}
Event: 12.658 GC heap before
{Heap before GC invocations=10 (full 1):
 PSYoungGen      total 79360K, used 79329K [0x00000000eab00000, 0x00000000f2480000, 0x0000000100000000)
  eden space 70144K, 100% used [0x00000000eab00000,0x00000000eef80000,0x00000000eef80000)
  from space 9216K, 99% used [0x00000000f1b80000,0x00000000f24786d0,0x00000000f2480000)
  to   space 26112K, 0% used [0x00000000ef180000,0x00000000ef180000,0x00000000f0b00000)
 ParOldGen       total 131072K, used 62859K [0x00000000c0000000, 0x00000000c8000000, 0x00000000eab00000)
  object space 131072K, 47% used [0x00000000c0000000,0x00000000c3d62ce8,0x00000000c8000000)
 Metaspace       used 11469K, capacity 12144K, committed 12288K, reserved 1060864K
  class space    used 1340K, capacity 1504K, committed 1536K, reserved 1048576K
Event: 12.714 GC heap after
Heap after GC invocations=10 (full 1):
 PSYoungGen      total 98304K, used 15466K [0x00000000eab00000, 0x00000000f3680000, 0x0000000100000000)
  eden space 72192K, 0% used [0x00000000eab00000,0x00000000eab00000,0x00000000ef180000)
  from space 26112K, 59% used [0x00000000ef180000,0x00000000f009a8d0,0x00000000f0b00000)
  to   space 25088K, 0% used [0x00000000f1e00000,0x00000000f1e00000,0x00000000f3680000)
 ParOldGen       total 131072K, used 62867K [0x00000000c0000000, 0x00000000c8000000, 0x00000000eab00000)
  object space 131072K, 47% used [0x00000000c0000000,0x00000000c3d64ce8,0x00000000c8000000)
 Metaspace       used 11469K, capacity 12144K, committed 12288K, reserved 1060864K
  class space    used 1340K, capacity 1504K, committed 1536K, reserved 1048576K
}

