# JRE version: OpenJDK Runtime Environment (8.0) (build 1.8.0-25-microsoft-b00)
# Java VM: OpenJDK 64-Bit Server VM (25.71-b00 mixed mode windows-amd64 compressed oops)
Heap:
 PSYoungGen      total 186880K, used 169354K [0x00000000eab00000, 0x00000000f7d00000, 0x0000000100000000)
  eden space 158720K, 98% used [0x00000000eab00000,0x00000000f44468c8,0x00000000f4600000)
  from space 28160K, 44% used [0x00000000f4600000,0x00000000f521c010,0x00000000f6180000)
  to   space 27648K, 0% used [0x00000000f6200000,0x00000000f6200000,0x00000000f7d00000)
 ParOldGen       total 84992K, used 53533K [0x00000000c0000000, 0x00000000c5300000, 0x00000000eab00000)
  object space 84992K, 62% used [0x00000000c0000000,0x00000000c3447570,0x00000000c5300000)
 Metaspace       used 16815K, capacity 17698K, committed 18176K, reserved 1064960K
  class space    used 2011K, capacity 2223K, committed 2304K, reserved 1048576K
GC Heap History (10 events):
Event: 11.249 GC heap before
{Heap before GC invocations=18 (full 1):
 PSYoungGen      total 186368K, used 164768K [0x00000000eab00000, 0x00000000f7d00000, 0x0000000100000000)
  eden space 158720K, 100% used [0x00000000eab00000,0x00000000f4600000,0x00000000f4600000)
  from space 27648K, 21% used [0x00000000f6200000,0x00000000f67e8000,0x00000000f7d00000)
  to   space 28160K, 0% used [0x00000000f4600000,0x00000000f4600000,0x00000000f6180000)
 ParOldGen       total 84992K, used 53525K [0x00000000c0000000, 0x00000000c5300000, 0x00000000eab00000)
  object space 84992K, 62% used [0x00000000c0000000,0x00000000c3445570,0x00000000c5300000)
 Metaspace       used 16763K, capacity 17690K, committed 18176K, reserved 1064960K
  class space    used 2011K, capacity 2223K, committed 2304K, reserved 1048576K
Event: 11.261 GC heap after
Heap after GC invocations=18 (full 1):
 PSYoungGen      total 186880K, used 7552K [0x00000000eab00000, 0x00000000f7d00000, 0x0000000100000000)
  eden space 158720K, 0% used [0x00000000eab00000,0x00000000eab00000,0x00000000f4600000)
  from space 28160K, 26% used [0x00000000f4600000,0x00000000f4d60000,0x00000000f6180000)
  to   space 27648K, 0% used [0x00000000f6200000,0x00000000f6200000,0x00000000f7d00000)
 ParOldGen       total 84992K, used 53525K [0x00000000c0000000, 0x00000000c5300000, 0x00000000eab00000)
  object space 84992K, 62% used [0x00000000c0000000,0x00000000c3445570,0x00000000c5300000)
 Metaspace       used 16763K, capacity 17690K, committed 18176K, reserved 1064960K
  class space    used 2011K, capacity 2223K, committed 2304K, reserved 1048576K
}
Event: 11.640 GC heap before
{Heap before GC invocations=19 (full 1):
 PSYoungGen      total 186880K, used 166272K [0x00000000eab00000, 0x00000000f7d00000, 0x0000000100000000)
  eden space 158720K, 100% used [0x00000000eab00000,0x00000000f4600000,0x00000000f4600000)
  from space 28160K, 26% used [0x00000000f4600000,0x00000000f4d60000,0x00000000f6180000)
  to   space 27648K, 0% used [0x00000000f6200000,0x00000000f6200000,0x00000000f7d00000)
 ParOldGen       total 84992K, used 53525K [0x00000000c0000000, 0x00000000c5300000, 0x00000000eab00000)
  object space 84992K, 62% used [0x00000000c0000000,0x00000000c3445570,0x00000000c5300000)
 Metaspace       used 16771K, capacity 17694K, committed 18176K, reserved 1064960K
  class space    used 2011K, capacity 2223K, committed 2304K, reserved 1048576K
Event: 11.659 GC heap after
Heap after GC invocations=19 (full 1):
 PSYoungGen      total 186368K, used 8416K [0x00000000eab00000, 0x00000000f7d00000, 0x0000000100000000)
  eden space 158720K, 0% used [0x00000000eab00000,0x00000000eab00000,0x00000000f4600000)
  from space 27648K, 30% used [0x00000000f6200000,0x00000000f6a38000,0x00000000f7d00000)
  to   space 28160K, 0% used [0x00000000f4600000,0x00000000f4600000,0x00000000f6180000)
 ParOldGen       total 84992K, used 53525K [0x00000000c0000000, 0x00000000c5300000, 0x00000000eab00000)
  object space 84992K, 62% used [0x00000000c0000000,0x00000000c3445570,0x00000000c5300000)
 Metaspace       used 16771K, capacity 17694K, committed 18176K, reserved 1064960K
  class space    used 2011K, capacity 2223K, committed 2304K, reserved 1048576K
}
Event: 12.033 GC heap before
{Heap before GC invocations=20 (full 1):
 PSYoungGen      total 186368K, used 167136K [0x00000000eab00000, 0x00000000f7d00000, 0x0000000100000000)
  eden space 158720K, 100% used [0x00000000eab00000,0x00000000f4600000,0x00000000f4600000)
  from space 27648K, 30% used [0x00000000f6200000,0x00000000f6a38000,0x00000000f7d00000)
  to   space 28160K, 0% used [0x00000000f4600000,0x00000000f4600000,0x00000000f6180000)
 ParOldGen       total 84992K, used 53525K [0x00000000c0000000, 0x00000000c5300000, 0x00000000eab00000)
  object space 84992K, 62% used [0x00000000c0000000,0x00000000c3445570,0x00000000c5300000)
 Metaspace       used 16783K, capacity 17698K, committed 18176K, reserved 1064960K
  class space    used 2011K, capacity 2223K, committed 2304K, reserved 1048576K
Event: 12.044 GC heap after
Heap after GC invocations=20 (full 1):
 PSYoungGen      total 186880K, used 9072K [0x00000000eab00000, 0x00000000f7d00000, 0x0000000100000000)
  eden space 158720K, 0% used [0x00000000eab00000,0x00000000eab00000,0x00000000f4600000)
  from space 28160K, 32% used [0x00000000f4600000,0x00000000f4edc010,0x00000000f6180000)
  to   space 27648K, 0% used [0x00000000f6200000,0x00000000f6200000,0x00000000f7d00000)
 ParOldGen       total 84992K, used 53525K [0x00000000c0000000, 0x00000000c5300000, 0x00000000eab00000)
  object space 84992K, 62% used [0x00000000c0000000,0x00000000c3445570,0x00000000c5300000)
 Metaspace       used 16783K, capacity 17698K, committed 18176K, reserved 1064960K
  class space    used 2011K, capacity 2223K, committed 2304K, reserved 1048576K
}
Event: 12.420 GC heap before
{Heap before GC invocations=21 (full 1):
 PSYoungGen      total 186880K, used 167792K [0x00000000eab00000, 0x00000000f7d00000, 0x0000000100000000)
  eden space 158720K, 100% used [0x00000000eab00000,0x00000000f4600000,0x00000000f4600000)
  from space 28160K, 32% used [0x00000000f4600000,0x00000000f4edc010,0x00000000f6180000)
  to   space 27648K, 0% used [0x00000000f6200000,0x00000000f6200000,0x00000000f7d00000)
 ParOldGen       total 84992K, used 53525K [0x00000000c0000000, 0x00000000c5300000, 0x00000000eab00000)
  object space 84992K, 62% used [0x00000000c0000000,0x00000000c3445570,0x00000000c5300000)
 Metaspace       used 16793K, capacity 17698K, committed 18176K, reserved 1064960K
  class space    used 2011K, capacity 2223K, committed 2304K, reserved 1048576K
Event: 12.432 GC heap after
Heap after GC invocations=21 (full 1):
 PSYoungGen      total 186368K, used 11392K [0x00000000eab00000, 0x00000000f7d00000, 0x0000000100000000)
  eden space 158720K, 0% used [0x00000000eab00000,0x00000000eab00000,0x00000000f4600000)
  from space 27648K, 41% used [0x00000000f6200000,0x00000000f6d20000,0x00000000f7d00000)
  to   space 28160K, 0% used [0x00000000f4600000,0x00000000f4600000,0x00000000f6180000)
 ParOldGen       total 84992K, used 53533K [0x00000000c0000000, 0x00000000c5300000, 0x00000000eab00000)
  object space 84992K, 62% used [0x00000000c0000000,0x00000000c3447570,0x00000000c5300000)
 Metaspace       used 16793K, capacity 17698K, committed 18176K, reserved 1064960K
  class space    used 2011K, capacity 2223K, committed 2304K, reserved 1048576K
}
Event: 12.825 GC heap before
{Heap before GC invocations=22 (full 1):
 PSYoungGen      total 186368K, used 170112K [0x00000000eab00000, 0x00000000f7d00000, 0x0000000100000000)
  eden space 158720K, 100% used [0x00000000eab00000,0x00000000f4600000,0x00000000f4600000)
  from space 27648K, 41% used [0x00000000f6200000,0x00000000f6d20000,0x00000000f7d00000)
  to   space 28160K, 0% used [0x00000000f4600000,0x00000000f4600000,0x00000000f6180000)
 ParOldGen       total 84992K, used 53533K [0x00000000c0000000, 0x00000000c5300000, 0x00000000eab00000)
  object space 84992K, 62% used [0x00000000c0000000,0x00000000c3447570,0x00000000c5300000)
 Metaspace       used 16801K, capacity 17698K, committed 18176K, reserved 1064960K
  class space    used 2011K, capacity 2223K, committed 2304K, reserved 1048576K
Event: 12.841 GC heap after
Heap after GC invocations=22 (full 1):
 PSYoungGen      total 186880K, used 12400K [0x00000000eab00000, 0x00000000f7d00000, 0x0000000100000000)
  eden space 158720K, 0% used [0x00000000eab00000,0x00000000eab00000,0x00000000f4600000)
  from space 28160K, 44% used [0x00000000f4600000,0x00000000f521c010,0x00000000f6180000)
  to   space 27648K, 0% used [0x00000000f6200000,0x00000000f6200000,0x00000000f7d00000)
 ParOldGen       total 84992K, used 53533K [0x00000000c0000000, 0x00000000c5300000, 0x00000000eab00000)
  object space 84992K, 62% used [0x00000000c0000000,0x00000000c3447570,0x00000000c5300000)
 Metaspace       used 16801K, capacity 17698K, committed 18176K, reserved 1064960K
  class space    used 2011K, capacity 2223K, committed 2304K, reserved 1048576K
}

