# JRE version: OpenJDK Runtime Environment (8.0) (build 1.8.0-25-microsoft-b00)
# Java VM: OpenJDK 64-Bit Server VM (25.71-b00 mixed mode windows-amd64 compressed oops)
Heap:
 PSYoungGen      total 154112K, used 85192K [0x00000000eab00000, 0x00000000fd800000, 0x0000000100000000)
  eden space 126976K, 49% used [0x00000000eab00000,0x00000000ee804218,0x00000000f2700000)
  from space 27136K, 83% used [0x00000000fbd80000,0x00000000fd3adef8,0x00000000fd800000)
  to   space 22528K, 0% used [0x00000000f2700000,0x00000000f2700000,0x00000000f3d00000)
 ParOldGen       total 84992K, used 51150K [0x00000000c0000000, 0x00000000c5300000, 0x00000000eab00000)
  object space 84992K, 60% used [0x00000000c0000000,0x00000000c31f3818,0x00000000c5300000)
 Metaspace       used 16462K, capacity 17548K, committed 17792K, reserved 1064960K
  class space    used 2048K, capacity 2312K, committed 2432K, reserved 1048576K
GC Heap History (10 events):
Event: 1.133 GC heap before
{Heap before GC invocations=4 (full 0):
 PSYoungGen      total 36864K, used 36843K [0x00000000eab00000, 0x00000000ef300000, 0x0000000100000000)
  eden space 31744K, 100% used [0x00000000eab00000,0x00000000eca00000,0x00000000eca00000)
  from space 5120K, 99% used [0x00000000eca00000,0x00000000ecefae10,0x00000000ecf00000)
  to   space 5120K, 0% used [0x00000000eee00000,0x00000000eee00000,0x00000000ef300000)
 ParOldGen       total 84992K, used 23234K [0x00000000c0000000, 0x00000000c5300000, 0x00000000eab00000)
  object space 84992K, 27% used [0x00000000c0000000,0x00000000c16b0b88,0x00000000c5300000)
 Metaspace       used 9425K, capacity 9894K, committed 9984K, reserved 1058816K
  class space    used 1088K, capacity 1199K, committed 1280K, reserved 1048576K
Event: 1.144 GC heap after
Heap after GC invocations=4 (full 0):
 PSYoungGen      total 68608K, used 5114K [0x00000000eab00000, 0x00000000ef300000, 0x0000000100000000)
  eden space 63488K, 0% used [0x00000000eab00000,0x00000000eab00000,0x00000000ee900000)
  from space 5120K, 99% used [0x00000000eee00000,0x00000000ef2fe910,0x00000000ef300000)
  to   space 5120K, 0% used [0x00000000ee900000,0x00000000ee900000,0x00000000eee00000)
 ParOldGen       total 84992K, used 31769K [0x00000000c0000000, 0x00000000c5300000, 0x00000000eab00000)
  object space 84992K, 37% used [0x00000000c0000000,0x00000000c1f067b8,0x00000000c5300000)
 Metaspace       used 9425K, capacity 9894K, committed 9984K, reserved 1058816K
  class space    used 1088K, capacity 1199K, committed 1280K, reserved 1048576K
}
Event: 1.420 GC heap before
{Heap before GC invocations=5 (full 0):
 PSYoungGen      total 68608K, used 68602K [0x00000000eab00000, 0x00000000ef300000, 0x0000000100000000)
  eden space 63488K, 100% used [0x00000000eab00000,0x00000000ee900000,0x00000000ee900000)
  from space 5120K, 99% used [0x00000000eee00000,0x00000000ef2fe910,0x00000000ef300000)
  to   space 5120K, 0% used [0x00000000ee900000,0x00000000ee900000,0x00000000eee00000)
 ParOldGen       total 84992K, used 31769K [0x00000000c0000000, 0x00000000c5300000, 0x00000000eab00000)
  object space 84992K, 37% used [0x00000000c0000000,0x00000000c1f067b8,0x00000000c5300000)
 Metaspace       used 10040K, capacity 10530K, committed 10880K, reserved 1058816K
  class space    used 1172K, capacity 1283K, committed 1408K, reserved 1048576K
Event: 1.447 GC heap after
Heap after GC invocations=5 (full 0):
 PSYoungGen      total 68608K, used 5097K [0x00000000eab00000, 0x00000000f5600000, 0x0000000100000000)
  eden space 63488K, 0% used [0x00000000eab00000,0x00000000eab00000,0x00000000ee900000)
  from space 5120K, 99% used [0x00000000ee900000,0x00000000eedfa4a8,0x00000000eee00000)
  to   space 24064K, 0% used [0x00000000f3e80000,0x00000000f3e80000,0x00000000f5600000)
 ParOldGen       total 84992K, used 46826K [0x00000000c0000000, 0x00000000c5300000, 0x00000000eab00000)
  object space 84992K, 55% used [0x00000000c0000000,0x00000000c2dba9c0,0x00000000c5300000)
 Metaspace       used 10040K, capacity 10530K, committed 10880K, reserved 1058816K
  class space    used 1172K, capacity 1283K, committed 1408K, reserved 1048576K
}
Event: 1.586 GC heap before
{Heap before GC invocations=6 (full 0):
 PSYoungGen      total 68608K, used 68585K [0x00000000eab00000, 0x00000000f5600000, 0x0000000100000000)
  eden space 63488K, 100% used [0x00000000eab00000,0x00000000ee900000,0x00000000ee900000)
  from space 5120K, 99% used [0x00000000ee900000,0x00000000eedfa4a8,0x00000000eee00000)
  to   space 24064K, 0% used [0x00000000f3e80000,0x00000000f3e80000,0x00000000f5600000)
 ParOldGen       total 84992K, used 46826K [0x00000000c0000000, 0x00000000c5300000, 0x00000000eab00000)
  object space 84992K, 55% used [0x00000000c0000000,0x00000000c2dba9c0,0x00000000c5300000)
 Metaspace       used 10119K, capacity 10594K, committed 10880K, reserved 1058816K
  class space    used 1177K, capacity 1283K, committed 1408K, reserved 1048576K
Event: 1.611 GC heap after
Heap after GC invocations=6 (full 0):
 PSYoungGen      total 147968K, used 14429K [0x00000000eab00000, 0x00000000f5300000, 0x0000000100000000)
  eden space 126976K, 0% used [0x00000000eab00000,0x00000000eab00000,0x00000000f2700000)
  from space 20992K, 68% used [0x00000000f3e80000,0x00000000f4c97590,0x00000000f5300000)
  to   space 22528K, 0% used [0x00000000f2700000,0x00000000f2700000,0x00000000f3d00000)
 ParOldGen       total 84992K, used 46834K [0x00000000c0000000, 0x00000000c5300000, 0x00000000eab00000)
  object space 84992K, 55% used [0x00000000c0000000,0x00000000c2dbc9c0,0x00000000c5300000)
 Metaspace       used 10119K, capacity 10594K, committed 10880K, reserved 1058816K
  class space    used 1177K, capacity 1283K, committed 1408K, reserved 1048576K
}
Event: 3.145 GC heap before
{Heap before GC invocations=7 (full 0):
 PSYoungGen      total 147968K, used 141405K [0x00000000eab00000, 0x00000000f5300000, 0x0000000100000000)
  eden space 126976K, 100% used [0x00000000eab00000,0x00000000f2700000,0x00000000f2700000)
  from space 20992K, 68% used [0x00000000f3e80000,0x00000000f4c97590,0x00000000f5300000)
  to   space 22528K, 0% used [0x00000000f2700000,0x00000000f2700000,0x00000000f3d00000)
 ParOldGen       total 84992K, used 46834K [0x00000000c0000000, 0x00000000c5300000, 0x00000000eab00000)
  object space 84992K, 55% used [0x00000000c0000000,0x00000000c2dbc9c0,0x00000000c5300000)
 Metaspace       used 15822K, capacity 16812K, committed 16896K, reserved 1064960K
  class space    used 2027K, capacity 2272K, committed 2304K, reserved 1048576K
Event: 3.180 GC heap after
Heap after GC invocations=7 (full 0):
 PSYoungGen      total 149504K, used 22515K [0x00000000eab00000, 0x00000000fd800000, 0x0000000100000000)
  eden space 126976K, 0% used [0x00000000eab00000,0x00000000eab00000,0x00000000f2700000)
  from space 22528K, 99% used [0x00000000f2700000,0x00000000f3cfcc90,0x00000000f3d00000)
  to   space 27136K, 0% used [0x00000000fbd80000,0x00000000fbd80000,0x00000000fd800000)
 ParOldGen       total 84992K, used 50176K [0x00000000c0000000, 0x00000000c5300000, 0x00000000eab00000)
  object space 84992K, 59% used [0x00000000c0000000,0x00000000c31001c0,0x00000000c5300000)
 Metaspace       used 15822K, capacity 16812K, committed 16896K, reserved 1064960K
  class space    used 2027K, capacity 2272K, committed 2304K, reserved 1048576K
}
Event: 3.923 GC heap before
{Heap before GC invocations=8 (full 0):
 PSYoungGen      total 149504K, used 149491K [0x00000000eab00000, 0x00000000fd800000, 0x0000000100000000)
  eden space 126976K, 100% used [0x00000000eab00000,0x00000000f2700000,0x00000000f2700000)
  from space 22528K, 99% used [0x00000000f2700000,0x00000000f3cfcc90,0x00000000f3d00000)
  to   space 27136K, 0% used [0x00000000fbd80000,0x00000000fbd80000,0x00000000fd800000)
 ParOldGen       total 84992K, used 50176K [0x00000000c0000000, 0x00000000c5300000, 0x00000000eab00000)
  object space 84992K, 59% used [0x00000000c0000000,0x00000000c31001c0,0x00000000c5300000)
 Metaspace       used 16216K, capacity 17284K, committed 17536K, reserved 1064960K
  class space    used 2048K, capacity 2312K, committed 2432K, reserved 1048576K
Event: 3.965 GC heap after
Heap after GC invocations=8 (full 0):
 PSYoungGen      total 154112K, used 22711K [0x00000000eab00000, 0x00000000fd800000, 0x0000000100000000)
  eden space 126976K, 0% used [0x00000000eab00000,0x00000000eab00000,0x00000000f2700000)
  from space 27136K, 83% used [0x00000000fbd80000,0x00000000fd3adef8,0x00000000fd800000)
  to   space 22528K, 0% used [0x00000000f2700000,0x00000000f2700000,0x00000000f3d00000)
 ParOldGen       total 84992K, used 51150K [0x00000000c0000000, 0x00000000c5300000, 0x00000000eab00000)
  object space 84992K, 60% used [0x00000000c0000000,0x00000000c31f3818,0x00000000c5300000)
 Metaspace       used 16216K, capacity 17284K, committed 17536K, reserved 1064960K
  class space    used 2048K, capacity 2312K, committed 2432K, reserved 1048576K
}

